#
# A fatal error has been detected by the Java Runtime Environment:
#
#  EXCEPTION_ACCESS_VIOLATION (0xc0000005) at pc=0x0000000059d76750, pid=7704, tid=0x0000000000001e58
#
# JRE version: Java(TM) SE Runtime Environment (8.0_162-b12) (build 1.8.0_162-b12)
# Java VM: Java HotSpot(TM) 64-Bit Server VM (25.162-b12 mixed mode windows-amd64 compressed oops)
# Problematic frame:
# V  [jvm.dll+0x516750]
#
# Failed to write core dump. Minidumps are not enabled by default on client versions of Windows
#
# If you would like to submit a bug report, please visit:
#   http://bugreport.java.com/bugreport/crash.jsp
#

---------------  T H R E A D  ---------------

Current thread (0x0000000016eeb000):  JavaThread "C2 CompilerThread1" daemon [_thread_in_native, id=7768, stack(0x0000000018640000,0x0000000018740000)]

siginfo: ExceptionCode=0xc0000005, reading address 0xffffffffffffffff

Registers:
RAX=0x000f423f000015d3, RBX=0x0000000000000001, RCX=0x000000001ade8250, RDX=0x0000000000000000
RSP=0x000000001873bf70, RBP=0x000000001873c070, RSI=0x0000000000000008, RDI=0x000000001ade8250
R8 =0x0000000000000012, R9 =0x000000001afe9d00, R10=0x0000000000000004, R11=0x000000000000054c
R12=0x0000000000000001, R13=0x000000001873c600, R14=0x000000001afe9d00, R15=0x000000001c450588
RIP=0x0000000059d76750, EFLAGS=0x0000000000010293

Top of Stack: (sp=0x000000001873bf70)
0x000000001873bf70:   0000000000000009 000000001873c070
0x000000001873bf80:   0000000000000001 000000001873c070
0x000000001873bf90:   000000001873c2f8 000000001873c1f0
0x000000001873bfa0:   0000000000000009 0000000016f1dca0
0x000000001873bfb0:   000000001bf87730 0000000000000001
0x000000001873bfc0:   000000000000000e 000000001afe9d00
0x000000001873bfd0:   0000000000000002 0000000000000002
0x000000001873bfe0:   000000001bf7f5e0 0000000200000153
0x000000001873bff0:   0000131c00000000 000000001873c340
0x000000001873c000:   000000000000000f 0000000019efbee0
0x000000001873c010:   0000000000000000 0000131c00000153
0x000000001873c020:   000000001873c340 000000000000000f
0x000000001873c030:   0000000019d8d120 0000000000000001
0x000000001873c040:   000000001bf7eb40 0000000016f07790
0x000000001873c050:   ffffffffe40814c0 00000000000003d8
0x000000001873c060:   0000000016f07b68 0000000016f07780 

Instructions: (pc=0x0000000059d76750)
0x0000000059d76730:   41 8b 59 28 ff cb 41 3b 59 18 73 0a 49 8b 41 20
0x0000000059d76740:   48 8b 3c d8 eb 04 33 c0 8b f8 48 8b 07 48 8b cf
0x0000000059d76750:   ff 50 20 4c 8b 4c 24 58 48 3b c7 74 04 41 2b 59
0x0000000059d76760:   48 44 3b e3 77 66 45 3b 61 18 73 0a 49 8b 41 20 


Register to memory mapping:

RAX=0x000f423f000015d3 is an unknown value
RBX=0x0000000000000001 is an unknown value
RCX=0x000000001ade8250 is an unknown value
RDX=0x0000000000000000 is an unknown value
RSP=0x000000001873bf70 is pointing into the stack for thread: 0x0000000016eeb000
RBP=0x000000001873c070 is pointing into the stack for thread: 0x0000000016eeb000
RSI=0x0000000000000008 is an unknown value
RDI=0x000000001ade8250 is an unknown value
R8 =0x0000000000000012 is an unknown value
R9 =0x000000001afe9d00 is an unknown value
R10=0x0000000000000004 is an unknown value
R11=0x000000000000054c is an unknown value
R12=0x0000000000000001 is an unknown value
R13=0x000000001873c600 is pointing into the stack for thread: 0x0000000016eeb000
R14=0x000000001afe9d00 is an unknown value
R15=0x000000001c450588 is an unknown value


Stack: [0x0000000018640000,0x0000000018740000],  sp=0x000000001873bf70,  free space=1007k
Native frames: (J=compiled Java code, j=interpreted, Vv=VM code, C=native code)
V  [jvm.dll+0x516750]
V  [jvm.dll+0x469b46]
V  [jvm.dll+0x4751fb]
V  [jvm.dll+0x477b07]
V  [jvm.dll+0x45a2b2]
V  [jvm.dll+0xa5f92]
V  [jvm.dll+0xa68df]
V  [jvm.dll+0x2454af]
V  [jvm.dll+0x29ce3a]
C  [msvcr100.dll+0x21d7b]
C  [msvcr100.dll+0x21e17]
C  [KERNEL32.DLL+0x18102]
C  [ntdll.dll+0x5c2e4]


Current CompileTask:
C2:   2187 1591       4       java.net.URLClassLoader$1::run (5 bytes)


---------------  P R O C E S S  ---------------

Java Threads: ( => current thread )
  0x000000001886a800 JavaThread "Service Thread" daemon [_thread_blocked, id=7784, stack(0x0000000018c40000,0x0000000018d40000)]
  0x0000000016f26000 JavaThread "C1 CompilerThread2" daemon [_thread_blocked, id=7772, stack(0x0000000018740000,0x0000000018840000)]
=>0x0000000016eeb000 JavaThread "C2 CompilerThread1" daemon [_thread_in_native, id=7768, stack(0x0000000018640000,0x0000000018740000)]
  0x0000000016ee4000 JavaThread "C2 CompilerThread0" daemon [_thread_in_native, id=7764, stack(0x0000000018540000,0x0000000018640000)]
  0x0000000016ee3000 JavaThread "Attach Listener" daemon [_thread_blocked, id=7760, stack(0x0000000018440000,0x0000000018540000)]
  0x0000000016ee9000 JavaThread "Signal Dispatcher" daemon [_thread_blocked, id=7756, stack(0x0000000018340000,0x0000000018440000)]
  0x0000000016eca000 JavaThread "Finalizer" daemon [_thread_blocked, id=7752, stack(0x0000000018150000,0x0000000018250000)]
  0x0000000016ea9800 JavaThread "Reference Handler" daemon [_thread_blocked, id=7748, stack(0x0000000018050000,0x0000000018150000)]
  0x000000000053e000 JavaThread "main" [_thread_in_Java, id=7724, stack(0x00000000020c0000,0x00000000021c0000)]

Other Threads:
  0x0000000016ea8000 VMThread [stack: 0x0000000017f50000,0x0000000018050000] [id=7744]
  0x0000000018884800 WatcherThread [stack: 0x0000000018d40000,0x0000000018e40000] [id=7800]

VM state:not at safepoint (normal execution)

VM Mutex/Monitor currently owned by a thread: None

Heap:
 PSYoungGen      total 38400K, used 22342K [0x00000000d5d80000, 0x00000000da880000, 0x0000000100000000)
  eden space 33280K, 51% used [0x00000000d5d80000,0x00000000d6e59a20,0x00000000d7e00000)
  from space 5120K, 99% used [0x00000000d7e00000,0x00000000d82f8040,0x00000000d8300000)
  to   space 5120K, 0% used [0x00000000da380000,0x00000000da380000,0x00000000da880000)
 ParOldGen       total 87552K, used 4036K [0x0000000081800000, 0x0000000086d80000, 0x00000000d5d80000)
  object space 87552K, 4% used [0x0000000081800000,0x0000000081bf1088,0x0000000086d80000)
 Metaspace       used 15056K, capacity 15296K, committed 15616K, reserved 1062912K
  class space    used 1837K, capacity 1946K, committed 2048K, reserved 1048576K

Card table byte_map: [0x0000000011750000,0x0000000011b50000] byte_map_base: 0x0000000011344000

Marking Bits: (ParMarkBitMap*) 0x000000005a080860
 Begin Bits: [0x0000000012200000, 0x00000000141a0000)
 End Bits:   [0x00000000141a0000, 0x0000000016140000)

Polling page: 0x0000000000500000

CodeCache: size=245760Kb used=7033Kb max_used=7033Kb free=238726Kb
 bounds [0x0000000002390000, 0x0000000002a80000, 0x0000000011390000]
 total_blobs=2510 nmethods=2157 adapters=265
 compilation: enabled

Compilation events (10 events):
Event: 2.117 Thread 0x0000000016f26000 2134       2       org.apache.maven.model.building.DefaultModelBuilder::getProfileActivations (86 bytes)
Event: 2.118 Thread 0x0000000016f26000 nmethod 2134 0x0000000002a53c10 code [0x0000000002a53de0, 0x0000000002a542b8]
Event: 2.118 Thread 0x0000000016f26000 2133       2       org.apache.maven.model.building.ModelData::setModel (6 bytes)
Event: 2.118 Thread 0x0000000016f26000 nmethod 2133 0x0000000002a54690 code [0x0000000002a547e0, 0x0000000002a54950]
Event: 2.118 Thread 0x0000000016f26000 2135       1       org.eclipse.aether.DefaultRepositorySystemSession::isIgnoreArtifactDescriptorRepositories (5 bytes)
Event: 2.119 Thread 0x0000000016f26000 nmethod 2135 0x0000000002a549d0 code [0x0000000002a54b20, 0x0000000002a54c30]
Event: 2.119 Thread 0x0000000016f26000 2136       1       org.eclipse.aether.graph.DefaultDependencyNode::getArtifact (5 bytes)
Event: 2.119 Thread 0x0000000016f26000 nmethod 2136 0x0000000002a54c90 code [0x0000000002a54de0, 0x0000000002a54ef0]
Event: 2.119 Thread 0x0000000016f26000 2137       1       org.eclipse.aether.collection.CollectRequest::getRequestContext (5 bytes)
Event: 2.119 Thread 0x0000000016f26000 nmethod 2137 0x0000000002a54f50 code [0x0000000002a550a0, 0x0000000002a551b0]

GC Heap History (6 events):
Event: 0.690 GC heap before
{Heap before GC invocations=1 (full 0):
 PSYoungGen      total 38400K, used 33280K [0x00000000d5d80000, 0x00000000d8800000, 0x0000000100000000)
  eden space 33280K, 100% used [0x00000000d5d80000,0x00000000d7e00000,0x00000000d7e00000)
  from space 5120K, 0% used [0x00000000d8300000,0x00000000d8300000,0x00000000d8800000)
  to   space 5120K, 0% used [0x00000000d7e00000,0x00000000d7e00000,0x00000000d8300000)
 ParOldGen       total 87552K, used 0K [0x0000000081800000, 0x0000000086d80000, 0x00000000d5d80000)
  object space 87552K, 0% used [0x0000000081800000,0x0000000081800000,0x0000000086d80000)
 Metaspace       used 8259K, capacity 8360K, committed 8576K, reserved 1056768K
  class space    used 1024K, capacity 1084K, committed 1152K, reserved 1048576K
Event: 0.696 GC heap after
Heap after GC invocations=1 (full 0):
 PSYoungGen      total 38400K, used 5104K [0x00000000d5d80000, 0x00000000d8800000, 0x0000000100000000)
  eden space 33280K, 0% used [0x00000000d5d80000,0x00000000d5d80000,0x00000000d7e00000)
  from space 5120K, 99% used [0x00000000d7e00000,0x00000000d82fc3d0,0x00000000d8300000)
  to   space 5120K, 0% used [0x00000000d8300000,0x00000000d8300000,0x00000000d8800000)
 ParOldGen       total 87552K, used 142K [0x0000000081800000, 0x0000000086d80000, 0x00000000d5d80000)
  object space 87552K, 0% used [0x0000000081800000,0x0000000081823b28,0x0000000086d80000)
 Metaspace       used 8259K, capacity 8360K, committed 8576K, reserved 1056768K
  class space    used 1024K, capacity 1084K, committed 1152K, reserved 1048576K
}
Event: 1.168 GC heap before
{Heap before GC invocations=2 (full 0):
 PSYoungGen      total 38400K, used 38384K [0x00000000d5d80000, 0x00000000d8800000, 0x0000000100000000)
  eden space 33280K, 100% used [0x00000000d5d80000,0x00000000d7e00000,0x00000000d7e00000)
  from space 5120K, 99% used [0x00000000d7e00000,0x00000000d82fc3d0,0x00000000d8300000)
  to   space 5120K, 0% used [0x00000000d8300000,0x00000000d8300000,0x00000000d8800000)
 ParOldGen       total 87552K, used 142K [0x0000000081800000, 0x0000000086d80000, 0x00000000d5d80000)
  object space 87552K, 0% used [0x0000000081800000,0x0000000081823b28,0x0000000086d80000)
 Metaspace       used 12139K, capacity 12314K, committed 12672K, reserved 1060864K
  class space    used 1518K, capacity 1609K, committed 1664K, reserved 1048576K
Event: 1.174 GC heap after
Heap after GC invocations=2 (full 0):
 PSYoungGen      total 38400K, used 5113K [0x00000000d5d80000, 0x00000000d8800000, 0x0000000100000000)
  eden space 33280K, 0% used [0x00000000d5d80000,0x00000000d5d80000,0x00000000d7e00000)
  from space 5120K, 99% used [0x00000000d8300000,0x00000000d87fe670,0x00000000d8800000)
  to   space 5120K, 0% used [0x00000000d7e00000,0x00000000d7e00000,0x00000000d8300000)
 ParOldGen       total 87552K, used 2374K [0x0000000081800000, 0x0000000086d80000, 0x00000000d5d80000)
  object space 87552K, 2% used [0x0000000081800000,0x0000000081a51bf0,0x0000000086d80000)
 Metaspace       used 12139K, capacity 12314K, committed 12672K, reserved 1060864K
  class space    used 1518K, capacity 1609K, committed 1664K, reserved 1048576K
}
Event: 1.906 GC heap before
{Heap before GC invocations=3 (full 0):
 PSYoungGen      total 38400K, used 38393K [0x00000000d5d80000, 0x00000000d8800000, 0x0000000100000000)
  eden space 33280K, 100% used [0x00000000d5d80000,0x00000000d7e00000,0x00000000d7e00000)
  from space 5120K, 99% used [0x00000000d8300000,0x00000000d87fe670,0x00000000d8800000)
  to   space 5120K, 0% used [0x00000000d7e00000,0x00000000d7e00000,0x00000000d8300000)
 ParOldGen       total 87552K, used 2374K [0x0000000081800000, 0x0000000086d80000, 0x00000000d5d80000)
  object space 87552K, 2% used [0x0000000081800000,0x0000000081a51bf0,0x0000000086d80000)
 Metaspace       used 14934K, capacity 15136K, committed 15232K, reserved 1062912K
  class space    used 1835K, capacity 1914K, committed 1920K, reserved 1048576K
Event: 1.920 GC heap after
Heap after GC invocations=3 (full 0):
 PSYoungGen      total 38400K, used 5088K [0x00000000d5d80000, 0x00000000da880000, 0x0000000100000000)
  eden space 33280K, 0% used [0x00000000d5d80000,0x00000000d5d80000,0x00000000d7e00000)
  from space 5120K, 99% used [0x00000000d7e00000,0x00000000d82f8040,0x00000000d8300000)
  to   space 5120K, 0% used [0x00000000da380000,0x00000000da380000,0x00000000da880000)
 ParOldGen       total 87552K, used 4036K [0x0000000081800000, 0x0000000086d80000, 0x00000000d5d80000)
  object space 87552K, 4% used [0x0000000081800000,0x0000000081bf1088,0x0000000086d80000)
 Metaspace       used 14934K, capacity 15136K, committed 15232K, reserved 1062912K
  class space    used 1835K, capacity 1914K, committed 1920K, reserved 1048576K
}

Deoptimization events (10 events):
Event: 1.278 Thread 0x000000000053e000 Uncommon trap: reason=bimorphic action=maybe_recompile pc=0x00000000026e93a0 method=java.util.HashMap.putVal(ILjava/lang/Object;Ljava/lang/Object;ZZ)Ljava/lang/Object; @ 203
Event: 1.428 Thread 0x000000000053e000 Uncommon trap: reason=unstable_if action=reinterpret pc=0x00000000026c10f4 method=org.codehaus.plexus.util.xml.pull.MXParser.parseStartTag()I @ 443
Event: 1.551 Thread 0x000000000053e000 Uncommon trap: reason=unstable_if action=reinterpret pc=0x00000000025484d4 method=java.lang.String.replace(CC)Ljava/lang/String; @ 2
Event: 1.582 Thread 0x000000000053e000 Uncommon trap: reason=predicate action=maybe_recompile pc=0x0000000002742998 method=java.lang.String.regionMatches(ZILjava/lang/String;II)Z @ 63
Event: 1.603 Thread 0x000000000053e000 Uncommon trap: reason=unstable_if action=reinterpret pc=0x000000000281d294 method=java.lang.String.substring(I)Ljava/lang/String; @ 35
Event: 1.643 Thread 0x000000000053e000 Uncommon trap: reason=unstable_if action=reinterpret pc=0x00000000028d83b8 method=org.codehaus.plexus.util.xml.pull.MXParser.isS(C)Z @ 21
Event: 1.645 Thread 0x000000000053e000 Uncommon trap: reason=unstable_if action=reinterpret pc=0x00000000028ec6c0 method=org.codehaus.plexus.util.xml.pull.MXParser.nextImpl()I @ 972
Event: 1.969 Thread 0x000000000053e000 Uncommon trap: reason=unstable_if action=reinterpret pc=0x00000000025dbec4 method=sun.nio.cs.UTF_8$Decoder.decode([BII[C)I @ 30
Event: 1.973 Thread 0x000000000053e000 Uncommon trap: reason=unstable_if action=reinterpret pc=0x00000000026512d4 method=sun.nio.cs.UTF_8$Decoder.decodeArrayLoop(Ljava/nio/ByteBuffer;Ljava/nio/CharBuffer;)Ljava/nio/charset/CoderResult; @ 84
Event: 2.031 Thread 0x000000000053e000 Uncommon trap: reason=predicate action=maybe_recompile pc=0x0000000002677c50 method=java.nio.charset.CharsetDecoder.decode(Ljava/nio/ByteBuffer;Ljava/nio/CharBuffer;Z)Ljava/nio/charset/CoderResult; @ 54

Classes redefined (0 events):
No events

Internal exceptions (10 events):
Event: 0.651 Thread 0x000000000053e000 Exception <a 'java/lang/ArrayIndexOutOfBoundsException': 131> (0x00000000d7be3ba8) thrown at [C:\re\workspace\8-2-build-windows-amd64-cygwin\jdk8u162\10278\hotspot\src\share\vm\interpreter\interpreterRuntime.cpp, line 366]
Event: 1.268 Thread 0x000000000053e000 Exception <a 'java/lang/NoClassDefFoundError': com/google/inject/servlet/ServletModuleTargetVisitor> (0x00000000d6205fb8) thrown at [C:\re\workspace\8-2-build-windows-amd64-cygwin\jdk8u162\10278\hotspot\src\share\vm\classfile\systemDictionary.cpp, line 19
Event: 1.268 Thread 0x000000000053e000 Exception <a 'java/lang/NoClassDefFoundError'> (0x00000000d6205fb8) thrown at [C:\re\workspace\8-2-build-windows-amd64-cygwin\jdk8u162\10278\hotspot\src\share\vm\prims\jvm.cpp, line 1394]
Event: 1.268 Thread 0x000000000053e000 Exception <a 'java/lang/NoClassDefFoundError': javax/annotation/Priority> (0x00000000d620ad18) thrown at [C:\re\workspace\8-2-build-windows-amd64-cygwin\jdk8u162\10278\hotspot\src\share\vm\classfile\systemDictionary.cpp, line 199]
Event: 1.472 Thread 0x000000000053e000 Exception <a 'java/lang/NullPointerException'> (0x00000000d68bdb80) thrown at [C:\re\workspace\8-2-build-windows-amd64-cygwin\jdk8u162\10278\hotspot\src\share\vm\interpreter\linkResolver.cpp, line 1185]
Event: 1.472 Thread 0x000000000053e000 Exception <a 'java/lang/NullPointerException'> (0x00000000d68bdd98) thrown at [C:\re\workspace\8-2-build-windows-amd64-cygwin\jdk8u162\10278\hotspot\src\share\vm\interpreter\linkResolver.cpp, line 1185]
Event: 1.472 Thread 0x000000000053e000 Exception <a 'java/lang/NullPointerException'> (0x00000000d68bdfb0) thrown at [C:\re\workspace\8-2-build-windows-amd64-cygwin\jdk8u162\10278\hotspot\src\share\vm\interpreter\linkResolver.cpp, line 1185]
Event: 1.473 Thread 0x000000000053e000 Exception <a 'java/lang/NullPointerException'> (0x00000000d68d4910) thrown at [C:\re\workspace\8-2-build-windows-amd64-cygwin\jdk8u162\10278\hotspot\src\share\vm\interpreter\linkResolver.cpp, line 1185]
Event: 1.473 Thread 0x000000000053e000 Exception <a 'java/lang/NullPointerException'> (0x00000000d68d4b28) thrown at [C:\re\workspace\8-2-build-windows-amd64-cygwin\jdk8u162\10278\hotspot\src\share\vm\interpreter\linkResolver.cpp, line 1185]
Event: 1.473 Thread 0x000000000053e000 Exception <a 'java/lang/NullPointerException'> (0x00000000d68d4d40) thrown at [C:\re\workspace\8-2-build-windows-amd64-cygwin\jdk8u162\10278\hotspot\src\share\vm\interpreter\linkResolver.cpp, line 1185]

Events (10 events):
Event: 2.001 Thread 0x000000000053e000 DEOPT UNPACKING pc=0x00000000023d7890 sp=0x00000000021bc3f0 mode 0
Event: 2.008 Thread 0x000000000053e000 DEOPT PACKING pc=0x00000000029fdf42 sp=0x00000000021bc490
Event: 2.008 Thread 0x000000000053e000 DEOPT UNPACKING pc=0x00000000023d7890 sp=0x00000000021bc290 mode 0
Event: 2.031 loading class sun/nio/cs/ISO_8859_1$Decoder
Event: 2.031 loading class sun/nio/cs/ISO_8859_1$Decoder done
Event: 2.031 Thread 0x000000000053e000 Uncommon trap: trap_request=0xffffff86 fr.pc=0x0000000002677c50
Event: 2.031 Thread 0x000000000053e000 DEOPT PACKING pc=0x0000000002677c50 sp=0x00000000021bc620
Event: 2.031 Thread 0x000000000053e000 DEOPT UNPACKING pc=0x00000000023d583b sp=0x00000000021bc5c8 mode 2
Event: 2.042 Thread 0x000000000053e000 DEOPT PACKING pc=0x00000000029f8a43 sp=0x00000000021bc670
Event: 2.042 Thread 0x000000000053e000 DEOPT UNPACKING pc=0x00000000023d7890 sp=0x00000000021bc4f0 mode 0


Dynamic libraries:
0x00007ff6fe850000 - 0x00007ff6fe887000 	C:\Program Files\Java\jdk1.8.0_162\bin\java.exe
0x00007ff97dee0000 - 0x00007ff97e0a1000 	C:\Windows\SYSTEM32\ntdll.dll
0x00007ff97bd70000 - 0x00007ff97be1d000 	C:\Windows\system32\KERNEL32.DLL
0x00007ff97a6c0000 - 0x00007ff97a8a8000 	C:\Windows\system32\KERNELBASE.dll
0x00007ff97bbf0000 - 0x00007ff97bc97000 	C:\Windows\system32\ADVAPI32.dll
0x00007ff97b430000 - 0x00007ff97b4cd000 	C:\Windows\system32\msvcrt.dll
0x00007ff97c110000 - 0x00007ff97c16b000 	C:\Windows\system32\sechost.dll
0x00007ff97bad0000 - 0x00007ff97bbec000 	C:\Windows\system32\RPCRT4.dll
0x00007ff97c2d0000 - 0x00007ff97c426000 	C:\Windows\system32\USER32.dll
0x00007ff97c4e0000 - 0x00007ff97c666000 	C:\Windows\system32\GDI32.dll
0x00007ff96c7f0000 - 0x00007ff96ca64000 	C:\Windows\WinSxS\amd64_microsoft.windows.common-controls_6595b64144ccf1df_6.0.10586.0_none_8c15ae12515e1c22\COMCTL32.dll
0x00007ff97be90000 - 0x00007ff97c10d000 	C:\Windows\system32\combase.dll
0x00007ff97a590000 - 0x00007ff97a5fa000 	C:\Windows\system32\bcryptPrimitives.dll
0x00007ff97dea0000 - 0x00007ff97dedb000 	C:\Windows\system32\IMM32.DLL
0x000000005a100000 - 0x000000005a1d1000 	C:\Program Files\Java\jdk1.8.0_162\jre\bin\msvcr100.dll
0x0000000059860000 - 0x000000005a100000 	C:\Program Files\Java\jdk1.8.0_162\jre\bin\server\jvm.dll
0x00007ff97c820000 - 0x00007ff97c828000 	C:\Windows\system32\PSAPI.DLL
0x00007ff970290000 - 0x00007ff97029a000 	C:\Windows\SYSTEM32\VERSION.dll
0x00007ff978c20000 - 0x00007ff978c43000 	C:\Windows\SYSTEM32\WINMM.dll
0x00007ff978470000 - 0x00007ff978479000 	C:\Windows\SYSTEM32\WSOCK32.dll
0x00007ff97c1f0000 - 0x00007ff97c25b000 	C:\Windows\system32\WS2_32.dll
0x0000000002090000 - 0x00000000020bc000 	C:\Windows\SYSTEM32\WINMMBASE.dll
0x00007ff97b230000 - 0x00007ff97b273000 	C:\Windows\system32\cfgmgr32.dll
0x0000000059850000 - 0x000000005985f000 	C:\Program Files\Java\jdk1.8.0_162\jre\bin\verify.dll
0x0000000059820000 - 0x0000000059849000 	C:\Program Files\Java\jdk1.8.0_162\jre\bin\java.dll
0x0000000059800000 - 0x0000000059816000 	C:\Program Files\Java\jdk1.8.0_162\jre\bin\zip.dll
0x00007ff97c940000 - 0x00007ff97de9f000 	C:\Windows\system32\SHELL32.dll
0x00007ff97a940000 - 0x00007ff97af84000 	C:\Windows\system32\windows.storage.dll
0x00007ff97be20000 - 0x00007ff97be72000 	C:\Windows\system32\shlwapi.dll
0x00007ff97a570000 - 0x00007ff97a57f000 	C:\Windows\system32\kernel.appcore.dll
0x00007ff97a600000 - 0x00007ff97a6b5000 	C:\Windows\system32\shcore.dll
0x00007ff97a520000 - 0x00007ff97a56b000 	C:\Windows\system32\powrprof.dll
0x00007ff97a500000 - 0x00007ff97a514000 	C:\Windows\system32\profapi.dll
0x00007ff976c30000 - 0x00007ff976c3a000 	C:\apache-maven-3.5.3\lib\jansi-native\windows64\jansi.dll
0x00000000597e0000 - 0x00000000597fa000 	C:\Program Files\Java\jdk1.8.0_162\jre\bin\net.dll
0x00007ff979dd0000 - 0x00007ff979e2c000 	C:\Windows\system32\mswsock.dll
0x00000000597c0000 - 0x00000000597d1000 	C:\Program Files\Java\jdk1.8.0_162\jre\bin\nio.dll
0x00007ff977cf0000 - 0x00007ff977e7c000 	C:\Windows\SYSTEM32\dbghelp.dll

VM Arguments:
jvm_args: -Dclassworlds.conf=C:\apache-maven-3.5.3\bin\..\bin\m2.conf -Dmaven.home=C:\apache-maven-3.5.3\bin\.. -Dlibrary.jansi.path=C:\apache-maven-3.5.3\bin\..\lib\jansi-native -Dmaven.multiModuleProjectDirectory=C:\Users\campe\Desktop\diplom\app\framework\common 
java_command: org.codehaus.plexus.classworlds.launcher.Launcher -e clean install -DskipTests
java_class_path (initial): C:\apache-maven-3.5.3\bin\..\boot\plexus-classworlds-2.5.2.jar
Launcher Type: SUN_STANDARD

Environment Variables:
JAVA_HOME=C:\Program Files\Java\jdk1.8.0_162
PATH=C:\ProgramData\Oracle\Java\javapath;C:\Windows\system32;C:\Windows;C:\Windows\System32\Wbem;C:\Windows\System32\WindowsPowerShell\v1.0\;C:\Program Files (x86)\ATI Technologies\ATI.ACE\Core-Static;C:\Program Files\Java\jdk1.8.0_162\bin;C:\apache-maven-3.5.3\bin;C:\Program Files\Git\cmd;C:\Program Files (x86)\Brackets\command
USERNAME=campe
OS=Windows_NT
PROCESSOR_IDENTIFIER=Intel64 Family 6 Model 58 Stepping 9, GenuineIntel



---------------  S Y S T E M  ---------------

OS: Windows 10.0 , 64 bit Build 10586 (10.0.10586.0)

CPU:total 4 (initial active 4) (2 cores per cpu, 2 threads per core) family 6 model 58 stepping 9, cmov, cx8, fxsr, mmx, sse, sse2, sse3, ssse3, sse4.1, sse4.2, popcnt, avx, aes, clmul, erms, ht, tsc, tscinvbit, tscinv

Memory: 4k page, physical 8284524k(5420344k free), swap 10250604k(6897236k free)

vm_info: Java HotSpot(TM) 64-Bit Server VM (25.162-b12) for windows-amd64 JRE (1.8.0_162-b12), built on Dec 19 2017 20:00:03 by "java_re" with MS VC++ 10.0 (VS2010)

time: Sat Mar 17 13:24:43 2018
elapsed time: 2 seconds (0d 0h 0m 2s)

